The system is: Windows - 10.0.22000 - AMD64
Compiling the C compiler identification source file "CMakeCCompilerId.c" succeeded.
Compiler: C:/Program Files/Microsoft Visual Studio/2022/Community/VC/Tools/MSVC/14.33.31629/bin/Hostx86/x64/cl.exe 
Build flags: 
Id flags:  

The output was:
0
Microsoft (R) C/C++ Optimizing Compiler Version 19.33.31629 for x64
Copyright (C) Microsoft Corporation.  All rights reserved.

CMakeCCompilerId.c
Microsoft (R) Incremental Linker Version 14.33.31629.0
Copyright (C) Microsoft Corporation.  All rights reserved.

/out:CMakeCCompilerId.exe 
CMakeCCompilerId.obj 


Compilation of the C compiler identification source "CMakeCCompilerId.c" produced "CMakeCCompilerId.exe"

Compilation of the C compiler identification source "CMakeCCompilerId.c" produced "CMakeCCompilerId.obj"

The C compiler identification is MSVC, found in "C:/Users/lucas/Documents/Projects/Glass/cmake-build-debug/CMakeFiles/3.23.2/CompilerIdC/CMakeCCompilerId.exe"

Compiling the CXX compiler identification source file "CMakeCXXCompilerId.cpp" succeeded.
Compiler: C:/Program Files/Microsoft Visual Studio/2022/Community/VC/Tools/MSVC/14.33.31629/bin/Hostx86/x64/cl.exe 
Build flags: 
Id flags:  

The output was:
0
Microsoft (R) C/C++ Optimizing Compiler Version 19.33.31629 for x64
Copyright (C) Microsoft Corporation.  All rights reserved.

CMakeCXXCompilerId.cpp
Microsoft (R) Incremental Linker Version 14.33.31629.0
Copyright (C) Microsoft Corporation.  All rights reserved.

/out:CMakeCXXCompilerId.exe 
CMakeCXXCompilerId.obj 


Compilation of the CXX compiler identification source "CMakeCXXCompilerId.cpp" produced "CMakeCXXCompilerId.exe"

Compilation of the CXX compiler identification source "CMakeCXXCompilerId.cpp" produced "CMakeCXXCompilerId.obj"

The CXX compiler identification is MSVC, found in "C:/Users/lucas/Documents/Projects/Glass/cmake-build-debug/CMakeFiles/3.23.2/CompilerIdCXX/CMakeCXXCompilerId.exe"

Detecting C compiler ABI info compiled with the following output:
Change Dir: C:/Users/lucas/Documents/Projects/Glass/cmake-build-debug/CMakeFiles/CMakeTmp

Run Build Command(s):C:/Users/lucas/AppData/Local/JetBrains/Toolbox/apps/CLion/ch-0/222.4167.35/bin/ninja/win/ninja.exe cmTC_da9db && [1/2] Building C object CMakeFiles\cmTC_da9db.dir\CMakeCCompilerABI.c.obj
[2/2] Linking C executable cmTC_da9db.exe



Detecting CXX compiler ABI info compiled with the following output:
Change Dir: C:/Users/lucas/Documents/Projects/Glass/cmake-build-debug/CMakeFiles/CMakeTmp

Run Build Command(s):C:/Users/lucas/AppData/Local/JetBrains/Toolbox/apps/CLion/ch-0/222.4167.35/bin/ninja/win/ninja.exe cmTC_afe52 && [1/2] Building CXX object CMakeFiles\cmTC_afe52.dir\CMakeCXXCompilerABI.cpp.obj
[2/2] Linking CXX executable cmTC_afe52.exe



Performing C++ SOURCE FILE Test COMPILER_HAS_DEPRECATED succeeded with the following output:
Change Dir: C:/Users/lucas/Documents/Projects/Glass/cmake-build-debug/CMakeFiles/CMakeTmp

Run Build Command(s):C:/Users/lucas/AppData/Local/JetBrains/Toolbox/apps/CLion/ch-0/222.4167.35/bin/ninja/win/ninja.exe cmTC_7e0ce && [1/2] Building CXX object CMakeFiles\cmTC_7e0ce.dir\src.cxx.obj
cl : Command line warning D9002 : ignoring unknown option '-static'
cl : Command line warning D9002 : ignoring unknown option '-mavx2'
[2/2] Linking CXX executable cmTC_7e0ce.exe


Source file was:
__declspec(deprecated) int somefunc() { return 0; }
    int main() { return somefunc();}
