  Camera.cpp
  dllmain.cpp
  Doppler.cpp
C:\Users\lucas\OneDrive\Desktop\CatSkateboarding\Doppler-main\Doppler\Doppler.cpp(66,37): warning C4244: 'initializing': conversion from 'double' to 'float', possible loss of data
C:\Users\lucas\OneDrive\Desktop\CatSkateboarding\Doppler-main\Doppler\Doppler.cpp(66,33): warning C4244: 'initializing': conversion from 'double' to 'const float', possible loss of data
C:\Users\lucas\OneDrive\Desktop\CatSkateboarding\Doppler-main\Doppler\Doppler.cpp(156,17): warning C4244: '=': conversion from 'double' to 'int', possible loss of data
C:\Users\lucas\OneDrive\Desktop\CatSkateboarding\Doppler-main\Doppler\Doppler.cpp(157,17): warning C4244: '=': conversion from 'double' to 'int', possible loss of data
C:\Users\lucas\OneDrive\Desktop\CatSkateboarding\Doppler-main\Doppler\Doppler.cpp(161,19): warning C4244: 'initializing': conversion from 'double' to 'float', possible loss of data
C:\Users\lucas\OneDrive\Desktop\CatSkateboarding\Doppler-main\Doppler\Doppler.cpp(162,19): warning C4244: 'initializing': conversion from 'double' to 'float', possible loss of data
C:\Users\lucas\OneDrive\Desktop\CatSkateboarding\Doppler-main\Doppler\Doppler.cpp(163,13): warning C4244: '=': conversion from 'double' to 'int', possible loss of data
C:\Users\lucas\OneDrive\Desktop\CatSkateboarding\Doppler-main\Doppler\Doppler.cpp(164,13): warning C4244: '=': conversion from 'double' to 'int', possible loss of data
  Globals.cpp
  MeshLoader.cpp
C:\Program Files (x86)\Windows Kits\10\Include\10.0.19041.0\shared\minwindef.h(130,1): warning C4005: 'APIENTRY': macro redefinition
C:\Users\lucas\OneDrive\Desktop\CatSkateboarding\Doppler-main\include\glad\glad.h(32): message : see previous definition of 'APIENTRY'
C:\Users\lucas\OneDrive\Desktop\CatSkateboarding\Doppler-main\Doppler\MeshLoader.cpp(70,15): warning C4267: 'argument': conversion from 'size_t' to 'int', possible loss of data
  Renderer.cpp
C:\Program Files (x86)\Windows Kits\10\Include\10.0.19041.0\shared\minwindef.h(130,1): warning C4005: 'APIENTRY': macro redefinition
C:\Users\lucas\OneDrive\Desktop\CatSkateboarding\Doppler-main\include\glad\glad.h(32): message : see previous definition of 'APIENTRY'
C:\Users\lucas\OneDrive\Desktop\CatSkateboarding\Doppler-main\Doppler\Renderer.cpp(96,43): warning C4267: 'argument': conversion from 'size_t' to 'GLsizei', possible loss of data
  Texture.cpp
C:\Program Files (x86)\Windows Kits\10\Include\10.0.19041.0\shared\minwindef.h(130,1): warning C4005: 'APIENTRY': macro redefinition
C:\Users\lucas\OneDrive\Desktop\CatSkateboarding\Doppler-main\include\glad\glad.h(32): message : see previous definition of 'APIENTRY'
  tiny_gltf.cc
     Creating library C:\Users\lucas\OneDrive\Desktop\CatSkateboarding\Doppler-main\x64\Release\Doppler.lib and object C:\Users\lucas\OneDrive\Desktop\CatSkateboarding\Doppler-main\x64\Release\Doppler.exp
  Generating code
  4677 of 5587 functions (83.7%) were compiled, the rest were copied from previous compilation.
    3979 functions were new in current compilation
    64 functions had inline decision re-evaluated but remain unchanged
  Finished generating code
  Doppler.vcxproj -> C:\Users\lucas\OneDrive\Desktop\CatSkateboarding\Doppler-main\x64\Release\Doppler.dll
