c:\users\lucas\onedrive\desktop\catskateboarding\doppler-main\doppler\x64\release\doppler.pch
c:\users\lucas\onedrive\desktop\catskateboarding\doppler-main\doppler\x64\release\vc143.pdb
c:\users\lucas\onedrive\desktop\catskateboarding\doppler-main\doppler\x64\release\pch.obj
c:\users\lucas\onedrive\desktop\catskateboarding\doppler-main\doppler\x64\release\renderer.obj
c:\users\lucas\onedrive\desktop\catskateboarding\doppler-main\doppler\x64\release\meshloader.obj
c:\users\lucas\onedrive\desktop\catskateboarding\doppler-main\doppler\x64\release\globals.obj
c:\users\lucas\onedrive\desktop\catskateboarding\doppler-main\doppler\x64\release\entitymanager.obj
c:\users\lucas\onedrive\desktop\catskateboarding\doppler-main\doppler\x64\release\doppler.obj
c:\users\lucas\onedrive\desktop\catskateboarding\doppler-main\doppler\x64\release\dllmain.obj
c:\users\lucas\onedrive\desktop\catskateboarding\doppler-main\doppler\x64\release\componentmanager.obj
c:\users\lucas\onedrive\desktop\catskateboarding\doppler-main\doppler\x64\release\glad.obj
c:\users\lucas\onedrive\desktop\catskateboarding\doppler-main\doppler\x64\release\camera.obj
c:\users\lucas\onedrive\desktop\catskateboarding\doppler-main\x64\release\doppler.lib
c:\users\lucas\onedrive\desktop\catskateboarding\doppler-main\x64\release\doppler.exp
c:\users\lucas\onedrive\desktop\catskateboarding\doppler-main\x64\release\doppler.dll
c:\users\lucas\onedrive\desktop\catskateboarding\doppler-main\doppler\x64\release\doppler.ipdb
c:\users\lucas\onedrive\desktop\catskateboarding\doppler-main\x64\release\doppler.pdb
c:\users\lucas\onedrive\desktop\catskateboarding\doppler-main\doppler\x64\release\doppler.iobj
c:\users\lucas\onedrive\desktop\catskateboarding\doppler-main\doppler\x64\release\doppler.tlog\cl.command.1.tlog
c:\users\lucas\onedrive\desktop\catskateboarding\doppler-main\doppler\x64\release\doppler.tlog\cl.read.1.tlog
c:\users\lucas\onedrive\desktop\catskateboarding\doppler-main\doppler\x64\release\doppler.tlog\cl.write.1.tlog
c:\users\lucas\onedrive\desktop\catskateboarding\doppler-main\doppler\x64\release\doppler.tlog\doppler.write.1u.tlog
c:\users\lucas\onedrive\desktop\catskateboarding\doppler-main\doppler\x64\release\doppler.tlog\link.command.1.tlog
c:\users\lucas\onedrive\desktop\catskateboarding\doppler-main\doppler\x64\release\doppler.tlog\link.read.1.tlog
c:\users\lucas\onedrive\desktop\catskateboarding\doppler-main\doppler\x64\release\doppler.tlog\link.write.1.tlog
