c:\users\lucas\onedrive\desktop\catskateboarding\doppler-main\doppler\x64\debug\vc143.pdb
c:\users\lucas\onedrive\desktop\catskateboarding\doppler-main\doppler\x64\debug\vc143.idb
c:\users\lucas\onedrive\desktop\catskateboarding\doppler-main\doppler\x64\debug\renderer.obj
c:\users\lucas\onedrive\desktop\catskateboarding\doppler-main\doppler\x64\debug\meshloader.obj
c:\users\lucas\onedrive\desktop\catskateboarding\doppler-main\doppler\x64\debug\globals.obj
c:\users\lucas\onedrive\desktop\catskateboarding\doppler-main\doppler\x64\debug\entitymanager.obj
c:\users\lucas\onedrive\desktop\catskateboarding\doppler-main\doppler\x64\debug\glad.obj
c:\users\lucas\onedrive\desktop\catskateboarding\doppler-main\doppler\x64\debug\doppler.pch
c:\users\lucas\onedrive\desktop\catskateboarding\doppler-main\doppler\x64\debug\pch.obj
c:\users\lucas\onedrive\desktop\catskateboarding\doppler-main\doppler\x64\debug\dllmain.obj
c:\users\lucas\onedrive\desktop\catskateboarding\doppler-main\doppler\x64\debug\doppler.obj
c:\users\lucas\onedrive\desktop\catskateboarding\doppler-main\doppler\x64\debug\componentmanager.obj
c:\users\lucas\onedrive\desktop\catskateboarding\doppler-main\doppler\x64\debug\camera.obj
c:\users\lucas\onedrive\desktop\catskateboarding\doppler-main\x64\debug\doppler.lib
c:\users\lucas\onedrive\desktop\catskateboarding\doppler-main\x64\debug\doppler.exp
c:\users\lucas\onedrive\desktop\catskateboarding\doppler-main\x64\debug\doppler.dll
c:\users\lucas\onedrive\desktop\catskateboarding\doppler-main\doppler\x64\debug\doppler.ilk
c:\users\lucas\onedrive\desktop\catskateboarding\doppler-main\x64\debug\doppler.pdb
c:\users\lucas\onedrive\desktop\catskateboarding\doppler-main\doppler\x64\debug\glm.obj
c:\users\lucas\onedrive\desktop\catskateboarding\doppler-main\doppler\x64\debug\componentmanager.obj.enc
c:\users\lucas\onedrive\desktop\catskateboarding\doppler-main\doppler\x64\debug\dllmain.obj.enc
c:\users\lucas\onedrive\desktop\catskateboarding\doppler-main\doppler\x64\debug\doppler.obj.enc
c:\users\lucas\onedrive\desktop\catskateboarding\doppler-main\doppler\x64\debug\globals.obj.enc
c:\users\lucas\onedrive\desktop\catskateboarding\doppler-main\doppler\x64\debug\doppler.tlog\cl.command.1.tlog
c:\users\lucas\onedrive\desktop\catskateboarding\doppler-main\doppler\x64\debug\doppler.tlog\cl.read.1.tlog
c:\users\lucas\onedrive\desktop\catskateboarding\doppler-main\doppler\x64\debug\doppler.tlog\cl.write.1.tlog
c:\users\lucas\onedrive\desktop\catskateboarding\doppler-main\doppler\x64\debug\doppler.tlog\doppler.write.1u.tlog
c:\users\lucas\onedrive\desktop\catskateboarding\doppler-main\doppler\x64\debug\doppler.tlog\link.command.1.tlog
c:\users\lucas\onedrive\desktop\catskateboarding\doppler-main\doppler\x64\debug\doppler.tlog\link.read.1.tlog
c:\users\lucas\onedrive\desktop\catskateboarding\doppler-main\doppler\x64\debug\doppler.tlog\link.write.1.tlog
